N=8200000 D=141043 NumUTD=141043 K=10000 ThTermMin=122000
KM1 2.1255992572e+06 8199189 9.999011e-01 51991562860 3.659566e-01 104630185321 1.000000e+00 0 
Assignment(i=1) time=20.266493
min_bin=8 val=0.0160 min_mult=3.661153e+11
0.016000	122001	2.478016e+11
0.018000	122001	2.292844e+11
0.020000	122000	2.193577e+11
0.022000	123601	2.157240e+11
0.024000	124750	2.168228e+11
0.026000	126005	2.217365e+11
0.028000	127057	2.297980e+11
0.030000	128523	2.404973e+11
0.032000	129147	2.532683e+11
0.034000	130084	2.680716e+11
0.036000	130691	2.844675e+11
0.038000	131640	3.023365e+11
0.040000	131934	3.212432e+11
0.042000	132560	3.411701e+11
0.044000	133075	3.616952e+11
#-- ThTerm=123601 ThVal=0.022000
Update(i=1) time=100.187587
120.454277
KM2 3.4190774215e+06 3070567 3.744594e-01 2851436531 9.652264e-01 298516228938 9.591562e-02 1 
Assignment(i=2) time=47.121570 ThVal=0.022000
min_bin=22 val=0.0220 min_mult=1.307076e+11
0.022000	122000	1.190242e+11
0.023000	122000	1.152077e+11
0.024000	122000	1.123168e+11
0.025000	122000	1.103006e+11
0.026000	122000	1.090752e+11
0.027000	122000	1.087211e+11
0.028000	122000	1.091824e+11
0.029000	122001	1.105329e+11
0.030000	122381	1.126633e+11
0.031000	123604	1.154881e+11
0.032000	124064	1.189594e+11
0.033000	125150	1.230602e+11
0.034000	125978	1.276255e+11
0.035000	126664	1.327898e+11
0.036000	127057	1.384060e+11
0.037000	128044	1.446668e+11
0.038000	128543	1.511760e+11
0.039000	129147	1.582107e+11
0.040000	129553	1.657355e+11
0.041000	129894	1.736578e+11
0.042000	130523	1.819732e+11
0.043000	130611	1.905866e+11
0.044000	130977	1.995860e+11
#-- ThTerm=122000 ThVal=0.027000
Update(i=2) time=116.452858
163.574617
KM3 3.6172327576e+06 1319350 1.608963e-01 492426733 9.939948e-01 110976416287 3.650909e-02 8 
Assignment(i=3) time=26.676752 ThVal=0.027000
Update(i=3) time=15.800295
42.479125
KM4 3.6761177390e+06 670256 8.173854e-02 151376901 9.981539e-01 86084459241 2.801348e-02 33 
Assignment(i=4) time=22.345447 ThVal=0.027000
Update(i=4) time=13.438080
35.783669
KM5 3.7036988963e+06 404307 4.930573e-02 78687178 9.990404e-01 79696671589 2.577938e-02 101 
Assignment(i=5) time=21.743474 ThVal=0.027000
Update(i=5) time=13.124040
34.869436
34.869467

 Performance counter stats for '..//bin/itr5_aficp 50 122000 0.02 0.044 0.002 0.001 0 100 10000 ..//dataset/8.2M_pubmed.db ..//Log/itr5_aficp.N8.2M.K10000.s0.assign ..//Log/itr5_aficp.N8.2M.K10000.s0.mem_info':

33,196,340,735,461      cpu-cycles:u                                                  (30.37%)
25,455,479,868,275      instructions:u            #    0.77  insn per cycle           (38.33%)
 3,284,389,669,292      branches:u                                                    (38.50%)
     8,768,180,838      branch-misses:u           #    0.27% of all branches          (38.29%)
 7,405,585,456,594      L1-dcache-loads:u                                             (26.76%)
 1,158,482,071,138      L1-dcache-load-misses:u   #   15.64% of all L1-dcache hits    (19.81%)
   286,338,299,116      LLC-loads:u                                                   (19.41%)
    55,443,723,676      LLC-load-misses:u         #   19.36% of all LL-cache hits     (24.89%)
    30,095,344,127      LLC-stores:u                                                  (15.91%)
       969,434,568      LLC-store-misses:u                                            (15.91%)
   315,833,833,493      cache-references:u                                            (23.21%)
    55,233,034,215      cache-misses:u            #   17.488 % of all cache refs      (30.69%)

     488.681961332 seconds time elapsed

